IQ-TREE multicore version 2.1.4-beta COVID-edition for Linux 64-bit built Jun 24 2021
Developed by Bui Quang Minh, James Barbetti, Nguyen Lam Tung,
Olga Chernomor, Heiko Schmidt, Dominik Schrempf, Michael Woodhams.

Host:    poseidon-l2 (AVX512, FMA3, 376 GB RAM)
Command: iqtree2 -ninit 2 -n 2 -me 0.05 -nt 4 -s results/ny_6m/aligned-delim.fasta -m GTR -ninit 10 -n 4
Seed:    851950 (Using SPRNG - Scalable Parallel Random Number Generator)
Time:    Sun Dec  5 17:36:57 2021
Kernel:  AVX+FMA - 4 threads (36 CPU cores detected)

Reading alignment file results/ny_6m/aligned-delim.fasta ... Fasta format detected
Alignment most likely contains DNA/RNA sequences
WARNING: 153 sites contain only gaps or ambiguous characters.
Alignment has 166 sequences with 29903 columns, 1255 distinct patterns
317 parsimony-informative, 437 singleton sites, 29149 constant sites
                                                                              Gap/Ambiguity  Composition  p-value
   1  USA_DELIM-WGMCOZEMOBBCMNAJJPFL_CUIMC-NP-3410_DELIM-WGMCOZEMOBBCMNAJJPFL_2020    0.60%    passed     99.98%
   2  USA_DELIM-WGMCOZEMOBBCMNAJJPFL_CUIMC-NP-3381_DELIM-WGMCOZEMOBBCMNAJJPFL_2020    1.44%    passed     99.93%
   3  USA_DELIM-WGMCOZEMOBBCMNAJJPFL_CUIMC-NP-3455_DELIM-WGMCOZEMOBBCMNAJJPFL_2020    7.63%    passed     92.61%
   4  USA_DELIM-WGMCOZEMOBBCMNAJJPFL_CUIMC-NP-3345_DELIM-WGMCOZEMOBBCMNAJJPFL_2020    0.59%    passed     99.99%
   5  USA_DELIM-WGMCOZEMOBBCMNAJJPFL_CUIMC-NP-3469_DELIM-WGMCOZEMOBBCMNAJJPFL_2020    6.71%    passed     97.15%
   6  USA_DELIM-WGMCOZEMOBBCMNAJJPFL_CUIMC-NP-3472_DELIM-WGMCOZEMOBBCMNAJJPFL_2020    1.45%    passed     99.99%
   7  USA_DELIM-WGMCOZEMOBBCMNAJJPFL_CUIMC-NP-3477_DELIM-WGMCOZEMOBBCMNAJJPFL_2020    2.56%    passed     99.80%
   8  USA_DELIM-WGMCOZEMOBBCMNAJJPFL_CUIMC-NP-3478_DELIM-WGMCOZEMOBBCMNAJJPFL_2020    0.58%    passed     99.91%
   9  USA_DELIM-WGMCOZEMOBBCMNAJJPFL_CUIMC-NP-3510_DELIM-WGMCOZEMOBBCMNAJJPFL_2020    2.32%    passed     99.93%
  10  USA_DELIM-WGMCOZEMOBBCMNAJJPFL_CUIMC-NP-3521_DELIM-WGMCOZEMOBBCMNAJJPFL_2020    1.45%    passed     99.95%
  11  USA_DELIM-WGMCOZEMOBBCMNAJJPFL_CUIMC-NP-3522_DELIM-WGMCOZEMOBBCMNAJJPFL_2020    2.13%    passed     99.02%
  12  USA_DELIM-WGMCOZEMOBBCMNAJJPFL_CUIMC-NP-3524_DELIM-WGMCOZEMOBBCMNAJJPFL_2020    0.59%    passed     99.99%
  13  USA_DELIM-WGMCOZEMOBBCMNAJJPFL_CUIMC-NP-3528_DELIM-WGMCOZEMOBBCMNAJJPFL_2020    3.22%    passed     99.88%
  14  USA_DELIM-WGMCOZEMOBBCMNAJJPFL_CUIMC-NP-3565_DELIM-WGMCOZEMOBBCMNAJJPFL_2020    6.92%    passed     77.84%
  15  USA_DELIM-WGMCOZEMOBBCMNAJJPFL_CUIMC-NP-3532_DELIM-WGMCOZEMOBBCMNAJJPFL_2020    1.45%    passed     99.96%
  16  USA_DELIM-WGMCOZEMOBBCMNAJJPFL_CUIMC-NP-3560_DELIM-WGMCOZEMOBBCMNAJJPFL_2020    1.43%    passed     99.96%
  17  USA_DELIM-WGMCOZEMOBBCMNAJJPFL_CUIMC-NP-3573_DELIM-WGMCOZEMOBBCMNAJJPFL_2020    1.46%    passed     99.08%
  18  USA_DELIM-WGMCOZEMOBBCMNAJJPFL_CUIMC-NP-3609_DELIM-WGMCOZEMOBBCMNAJJPFL_2020   11.46%    passed     99.70%
  19  USA_DELIM-WGMCOZEMOBBCMNAJJPFL_CUIMC-NP-3616_DELIM-WGMCOZEMOBBCMNAJJPFL_2020    3.77%    passed     99.55%
  20  USA_DELIM-WGMCOZEMOBBCMNAJJPFL_CUIMC-NP-3617_DELIM-WGMCOZEMOBBCMNAJJPFL_2020    1.56%    passed     99.94%
  21  USA_DELIM-WGMCOZEMOBBCMNAJJPFL_CUIMC-NP-3629_DELIM-WGMCOZEMOBBCMNAJJPFL_2020    5.07%    passed     98.96%
  22  USA_DELIM-WGMCOZEMOBBCMNAJJPFL_CUIMC-NP-3632_DELIM-WGMCOZEMOBBCMNAJJPFL_2020    3.43%    passed     96.92%
  23  USA_DELIM-WGMCOZEMOBBCMNAJJPFL_CUIMC-NP-3657_DELIM-WGMCOZEMOBBCMNAJJPFL_2020    0.57%    passed     99.97%
  24  USA_DELIM-WGMCOZEMOBBCMNAJJPFL_CUIMC-NP-3670_DELIM-WGMCOZEMOBBCMNAJJPFL_2020    0.57%    passed     99.96%
  25  USA_DELIM-WGMCOZEMOBBCMNAJJPFL_CUIMC-NP-3671_DELIM-WGMCOZEMOBBCMNAJJPFL_2020    2.42%    passed     99.81%
  26  USA_DELIM-WGMCOZEMOBBCMNAJJPFL_CUIMC-NP-3634_DELIM-WGMCOZEMOBBCMNAJJPFL_2020    4.35%    passed     94.69%
  27  USA_DELIM-WGMCOZEMOBBCMNAJJPFL_CUIMC-NP-3672_DELIM-WGMCOZEMOBBCMNAJJPFL_2020    0.57%    passed     99.93%
  28  USA_DELIM-WGMCOZEMOBBCMNAJJPFL_CUIMC-NP-3661_DELIM-WGMCOZEMOBBCMNAJJPFL_2020    3.12%    passed     99.27%
  29  USA_DELIM-WGMCOZEMOBBCMNAJJPFL_CUIMC-NP-3676_DELIM-WGMCOZEMOBBCMNAJJPFL_2020    0.57%    passed     99.93%
  30  USA_DELIM-WGMCOZEMOBBCMNAJJPFL_CUIMC-NP-3678_DELIM-WGMCOZEMOBBCMNAJJPFL_2020    0.57%    passed     99.98%
  31  USA_DELIM-WGMCOZEMOBBCMNAJJPFL_CUIMC-NP-3700_DELIM-WGMCOZEMOBBCMNAJJPFL_2020   23.04%    passed     66.37%
  32  USA_DELIM-WGMCOZEMOBBCMNAJJPFL_CUIMC-NP-3687_DELIM-WGMCOZEMOBBCMNAJJPFL_2020    0.58%    passed     99.96%
  33  USA_DELIM-WGMCOZEMOBBCMNAJJPFL_CUIMC-NP-3704_DELIM-WGMCOZEMOBBCMNAJJPFL_2020    1.58%    passed     99.68%
  34  USA_DELIM-WGMCOZEMOBBCMNAJJPFL_CUIMC-NP-3707_DELIM-WGMCOZEMOBBCMNAJJPFL_2020    0.57%    passed     99.96%
  35  USA_DELIM-WGMCOZEMOBBCMNAJJPFL_CUIMC-NP-3748_DELIM-WGMCOZEMOBBCMNAJJPFL_2020    7.64%    passed     97.56%
  36  USA_DELIM-WGMCOZEMOBBCMNAJJPFL_CUIMC-NP-3752_DELIM-WGMCOZEMOBBCMNAJJPFL_2020    0.57%    passed     99.90%
  37  USA_DELIM-WGMCOZEMOBBCMNAJJPFL_CUIMC-NP-3756_DELIM-WGMCOZEMOBBCMNAJJPFL_2020    8.04%    passed     89.89%
  38  USA_DELIM-WGMCOZEMOBBCMNAJJPFL_CUIMC-NP-3796_DELIM-WGMCOZEMOBBCMNAJJPFL_2020    0.57%    passed     99.96%
  39  USA_DELIM-WGMCOZEMOBBCMNAJJPFL_CUIMC-NP-3804_DELIM-WGMCOZEMOBBCMNAJJPFL_2020    2.13%    passed     99.21%
  40  USA_DELIM-WGMCOZEMOBBCMNAJJPFL_CUIMC-NP-3807_DELIM-WGMCOZEMOBBCMNAJJPFL_2020    3.49%    passed     99.99%
  41  USA_DELIM-WGMCOZEMOBBCMNAJJPFL_CUIMC-NP-3814_DELIM-WGMCOZEMOBBCMNAJJPFL_2020    2.55%    passed     99.90%
  42  USA_DELIM-WGMCOZEMOBBCMNAJJPFL_CUIMC-NP-3810_DELIM-WGMCOZEMOBBCMNAJJPFL_2020    3.12%    passed     97.77%
  43  USA_DELIM-WGMCOZEMOBBCMNAJJPFL_CUIMC-NP-3815_DELIM-WGMCOZEMOBBCMNAJJPFL_2020    2.46%    passed     99.97%
  44  USA_DELIM-WGMCOZEMOBBCMNAJJPFL_CUIMC-NP-3816_DELIM-WGMCOZEMOBBCMNAJJPFL_2020    5.11%    passed     99.07%
  45  USA_DELIM-WGMCOZEMOBBCMNAJJPFL_CUIMC-NP-3970_DELIM-WGMCOZEMOBBCMNAJJPFL_2020    2.53%    passed     99.31%
  46  USA_DELIM-WGMCOZEMOBBCMNAJJPFL_CUIMC-NP-3972_DELIM-WGMCOZEMOBBCMNAJJPFL_2020    6.65%    passed     97.29%
  47  USA_DELIM-WGMCOZEMOBBCMNAJJPFL_CUIMC-NP-3974_DELIM-WGMCOZEMOBBCMNAJJPFL_2020    1.43%    passed     99.94%
  48  USA_DELIM-WGMCOZEMOBBCMNAJJPFL_CUIMC-NP-3988_DELIM-WGMCOZEMOBBCMNAJJPFL_2020    4.54%    passed     99.49%
  49  USA_DELIM-WGMCOZEMOBBCMNAJJPFL_CUIMC-NP-3990_DELIM-WGMCOZEMOBBCMNAJJPFL_2020    2.58%    passed     99.63%
  50  USA_DELIM-WGMCOZEMOBBCMNAJJPFL_CUIMC-NP-3570_DELIM-WGMCOZEMOBBCMNAJJPFL_2020    0.74%    passed     99.87%
  51  USA_DELIM-WGMCOZEMOBBCMNAJJPFL_CUIMC-NP-3991_DELIM-WGMCOZEMOBBCMNAJJPFL_2020    3.55%    passed     99.63%
  52  USA_DELIM-WGMCOZEMOBBCMNAJJPFL_CUIMC-NP-3992_DELIM-WGMCOZEMOBBCMNAJJPFL_2020    4.29%    passed     97.81%
  53  USA_DELIM-WGMCOZEMOBBCMNAJJPFL_CUIMC-NP-3994_DELIM-WGMCOZEMOBBCMNAJJPFL_2020    2.56%    passed     99.89%
  54  USA_DELIM-WGMCOZEMOBBCMNAJJPFL_CUIMC-NP-3995_DELIM-WGMCOZEMOBBCMNAJJPFL_2020    0.60%    passed     99.74%
  55  USA_DELIM-WGMCOZEMOBBCMNAJJPFL_CUIMC-NP-3971_DELIM-WGMCOZEMOBBCMNAJJPFL_2020   16.40%    passed     94.55%
  56  USA_DELIM-WGMCOZEMOBBCMNAJJPFL_CUIMC-NP-4001_DELIM-WGMCOZEMOBBCMNAJJPFL_2020    1.57%    passed     99.84%
  57  USA_DELIM-WGMCOZEMOBBCMNAJJPFL_CUIMC-NP-4002_DELIM-WGMCOZEMOBBCMNAJJPFL_2020    0.65%    passed     99.87%
  58  USA_DELIM-WGMCOZEMOBBCMNAJJPFL_CUIMC-NP-4003_DELIM-WGMCOZEMOBBCMNAJJPFL_2020    1.58%    passed     99.43%
  59  USA_DELIM-WGMCOZEMOBBCMNAJJPFL_CUIMC-NP-4004_DELIM-WGMCOZEMOBBCMNAJJPFL_2020    0.58%    passed     99.95%
  60  USA_DELIM-WGMCOZEMOBBCMNAJJPFL_CUIMC-NP-4010_DELIM-WGMCOZEMOBBCMNAJJPFL_2020    4.94%    passed     99.34%
  61  USA_DELIM-WGMCOZEMOBBCMNAJJPFL_CUIMC-NP-4013_DELIM-WGMCOZEMOBBCMNAJJPFL_2020    4.34%    passed     99.45%
  62  USA_DELIM-WGMCOZEMOBBCMNAJJPFL_CUIMC-NP-4015_DELIM-WGMCOZEMOBBCMNAJJPFL_2020    0.59%    passed     99.97%
  63  USA_DELIM-WGMCOZEMOBBCMNAJJPFL_CUIMC-NP-4011_DELIM-WGMCOZEMOBBCMNAJJPFL_2020    6.82%    passed     99.04%
  64  USA_DELIM-WGMCOZEMOBBCMNAJJPFL_CUIMC-NP-4016_DELIM-WGMCOZEMOBBCMNAJJPFL_2020    0.58%    passed     99.97%
  65  USA_DELIM-WGMCOZEMOBBCMNAJJPFL_CUIMC-NP-4019_DELIM-WGMCOZEMOBBCMNAJJPFL_2020    5.31%    passed     99.80%
  66  USA_DELIM-WGMCOZEMOBBCMNAJJPFL_CUIMC-NP-4021_DELIM-WGMCOZEMOBBCMNAJJPFL_2021    1.57%    passed     99.81%
  67  USA_DELIM-WGMCOZEMOBBCMNAJJPFL_CUIMC-NP-4020_DELIM-WGMCOZEMOBBCMNAJJPFL_2021    3.51%    passed    100.00%
  68  USA_DELIM-WGMCOZEMOBBCMNAJJPFL_CUIMC-NP-4027_DELIM-WGMCOZEMOBBCMNAJJPFL_2021    1.58%    passed     99.79%
  69  USA_DELIM-WGMCOZEMOBBCMNAJJPFL_CUIMC-NP-4032_DELIM-WGMCOZEMOBBCMNAJJPFL_2020    3.58%    passed     99.52%
  70  USA_DELIM-WGMCOZEMOBBCMNAJJPFL_CUIMC-NP-4033_DELIM-WGMCOZEMOBBCMNAJJPFL_2020    5.35%    passed     99.99%
  71  USA_DELIM-WGMCOZEMOBBCMNAJJPFL_CUIMC-NP-4036_DELIM-WGMCOZEMOBBCMNAJJPFL_2020    5.35%    passed     99.36%
  72  USA_DELIM-WGMCOZEMOBBCMNAJJPFL_CUIMC-NP-4037_DELIM-WGMCOZEMOBBCMNAJJPFL_2020    2.72%    passed     99.76%
  73  USA_DELIM-WGMCOZEMOBBCMNAJJPFL_CUIMC-NP-4043_DELIM-WGMCOZEMOBBCMNAJJPFL_2020   22.64%    passed     97.56%
  74  USA_DELIM-WGMCOZEMOBBCMNAJJPFL_CUIMC-NP-4040_DELIM-WGMCOZEMOBBCMNAJJPFL_2020    6.89%    passed     99.02%
  75  USA_DELIM-WGMCOZEMOBBCMNAJJPFL_CUIMC-NP-4025_DELIM-WGMCOZEMOBBCMNAJJPFL_2020    0.64%    passed     99.97%
  76  USA_DELIM-WGMCOZEMOBBCMNAJJPFL_CUIMC-NP-4059_DELIM-WGMCOZEMOBBCMNAJJPFL_2020    5.23%    passed     94.53%
  77  USA_DELIM-WGMCOZEMOBBCMNAJJPFL_CUIMC-NP-4062_DELIM-WGMCOZEMOBBCMNAJJPFL_2020    4.18%    passed     94.81%
  78  USA_DELIM-WGMCOZEMOBBCMNAJJPFL_CUIMC-NP-4066_DELIM-WGMCOZEMOBBCMNAJJPFL_2021    0.60%    passed     99.89%
  79  USA_DELIM-WGMCOZEMOBBCMNAJJPFL_CUIMC-NP-4061_DELIM-WGMCOZEMOBBCMNAJJPFL_2020    3.46%    passed     98.72%
  80  USA_DELIM-WGMCOZEMOBBCMNAJJPFL_CUIMC-NP-4069_DELIM-WGMCOZEMOBBCMNAJJPFL_2021    1.56%    passed     99.74%
  81  USA_DELIM-WGMCOZEMOBBCMNAJJPFL_CUIMC-NP-4070_DELIM-WGMCOZEMOBBCMNAJJPFL_2021    0.59%    passed     99.94%
  82  USA_DELIM-WGMCOZEMOBBCMNAJJPFL_CUIMC-NP-4072_DELIM-WGMCOZEMOBBCMNAJJPFL_2021    0.61%    passed     99.97%
  83  USA_DELIM-WGMCOZEMOBBCMNAJJPFL_CUIMC-NP-4030_DELIM-WGMCOZEMOBBCMNAJJPFL_2021    0.76%    passed     99.97%
  84  USA_DELIM-WGMCOZEMOBBCMNAJJPFL_CUIMC-NP-4079_DELIM-WGMCOZEMOBBCMNAJJPFL_2021    5.34%    passed     99.93%
  85  USA_DELIM-WGMCOZEMOBBCMNAJJPFL_CUIMC-NP-4071_DELIM-WGMCOZEMOBBCMNAJJPFL_2021    0.74%    passed     99.97%
  86  USA_DELIM-WGMCOZEMOBBCMNAJJPFL_CUIMC-NP-4080_DELIM-WGMCOZEMOBBCMNAJJPFL_2021    5.06%    passed     99.61%
  87  USA_DELIM-WGMCOZEMOBBCMNAJJPFL_CUIMC-NP-4081_DELIM-WGMCOZEMOBBCMNAJJPFL_2021    0.67%    passed     99.86%
  88  USA_DELIM-WGMCOZEMOBBCMNAJJPFL_CUIMC-NP-4093_DELIM-WGMCOZEMOBBCMNAJJPFL_2021    0.59%    passed     99.93%
  89  USA_DELIM-WGMCOZEMOBBCMNAJJPFL_CUIMC-NP-4256_DELIM-WGMCOZEMOBBCMNAJJPFL_2021    0.60%    passed     99.88%
  90  USA_DELIM-WGMCOZEMOBBCMNAJJPFL_CUIMC-NP-4074_DELIM-WGMCOZEMOBBCMNAJJPFL_2021    0.64%    passed     99.99%
  91  USA_DELIM-WGMCOZEMOBBCMNAJJPFL_CUIMC-NP-4212_DELIM-WGMCOZEMOBBCMNAJJPFL_2021    0.63%    passed     99.98%
  92  USA_DELIM-WGMCOZEMOBBCMNAJJPFL_CUIMC-NP-4947_DELIM-WGMCOZEMOBBCMNAJJPFL_2021    0.58%    passed     99.86%
  93  USA_DELIM-WGMCOZEMOBBCMNAJJPFL_CUIMC-NP-5006_DELIM-WGMCOZEMOBBCMNAJJPFL_2021    2.55%    passed     99.95%
  94  USA_DELIM-WGMCOZEMOBBCMNAJJPFL_CUIMC-NP-4489_DELIM-WGMCOZEMOBBCMNAJJPFL_2021    0.63%    passed     99.99%
  95  USA_DELIM-WGMCOZEMOBBCMNAJJPFL_CUIMC-NP-4563_DELIM-WGMCOZEMOBBCMNAJJPFL_2021    0.63%    passed     99.99%
  96  USA_DELIM-WGMCOZEMOBBCMNAJJPFL_CUIMC-NP-4741_DELIM-WGMCOZEMOBBCMNAJJPFL_2021    0.65%    passed     99.99%
  97  USA_DELIM-WGMCOZEMOBBCMNAJJPFL_CUIMC-NP-5211_DELIM-WGMCOZEMOBBCMNAJJPFL_2021    0.58%    passed     99.94%
  98  USA_DELIM-WGMCOZEMOBBCMNAJJPFL_CUIMC-NP-4086_DELIM-WGMCOZEMOBBCMNAJJPFL_2021    3.53%    passed     99.58%
  99  USA_DELIM-WGMCOZEMOBBCMNAJJPFL_CUIMC-NP-5213_DELIM-WGMCOZEMOBBCMNAJJPFL_2021    0.58%    passed     99.95%
 100  USA_DELIM-WGMCOZEMOBBCMNAJJPFL_CUIMC-NP-5210_DELIM-WGMCOZEMOBBCMNAJJPFL_2021    0.65%    passed     99.99%
 101  USA_DELIM-WGMCOZEMOBBCMNAJJPFL_CUIMC-NP-5214_DELIM-WGMCOZEMOBBCMNAJJPFL_2021    0.61%    passed     99.98%
 102  USA_DELIM-WGMCOZEMOBBCMNAJJPFL_CUIMC-NP-5215_DELIM-WGMCOZEMOBBCMNAJJPFL_2021    0.62%    passed     99.99%
 103  USA_DELIM-WGMCOZEMOBBCMNAJJPFL_CUIMC-NP-5080_DELIM-WGMCOZEMOBBCMNAJJPFL_2021    5.30%    passed     99.70%
 104  USA_DELIM-WGMCOZEMOBBCMNAJJPFL_CUIMC-NP-5216_DELIM-WGMCOZEMOBBCMNAJJPFL_2021    0.63%    passed     99.97%
 105  USA_DELIM-WGMCOZEMOBBCMNAJJPFL_CUIMC-NP-5225_DELIM-WGMCOZEMOBBCMNAJJPFL_2021    0.59%    passed     99.96%
 106  USA_DELIM-WGMCOZEMOBBCMNAJJPFL_CUIMC-NP-4852_DELIM-WGMCOZEMOBBCMNAJJPFL_2021    0.73%    passed     99.98%
 107  USA_DELIM-WGMCOZEMOBBCMNAJJPFL_CUIMC-NP-5218_DELIM-WGMCOZEMOBBCMNAJJPFL_2021    0.61%    passed     99.99%
 108  USA_DELIM-WGMCOZEMOBBCMNAJJPFL_CUIMC-NP-5227_DELIM-WGMCOZEMOBBCMNAJJPFL_2021    0.58%    passed     99.89%
 109  USA_DELIM-WGMCOZEMOBBCMNAJJPFL_CUIMC-NP-5223_DELIM-WGMCOZEMOBBCMNAJJPFL_2021    0.62%    passed     99.99%
 110  USA_DELIM-WGMCOZEMOBBCMNAJJPFL_CUIMC-NP-5239_DELIM-WGMCOZEMOBBCMNAJJPFL_2021    0.58%    passed     99.86%
 111  USA_DELIM-WGMCOZEMOBBCMNAJJPFL_CUIMC-NP-5028_DELIM-WGMCOZEMOBBCMNAJJPFL_2021    0.69%    passed     99.98%
 112  USA_DELIM-WGMCOZEMOBBCMNAJJPFL_CUIMC-NP-5232_DELIM-WGMCOZEMOBBCMNAJJPFL_2021    0.61%    passed     99.98%
 113  USA_DELIM-WGMCOZEMOBBCMNAJJPFL_CUIMC-NP-5254_DELIM-WGMCOZEMOBBCMNAJJPFL_2021    0.59%    passed     99.87%
 114  USA_DELIM-WGMCOZEMOBBCMNAJJPFL_CUIMC-NP-5261_DELIM-WGMCOZEMOBBCMNAJJPFL_2021    0.76%    passed     99.74%
 115  USA_DELIM-WGMCOZEMOBBCMNAJJPFL_CUIMC-NP-5256_DELIM-WGMCOZEMOBBCMNAJJPFL_2021    0.63%    passed     99.83%
 116  USA_DELIM-WGMCOZEMOBBCMNAJJPFL_CUIMC-NP-5250_DELIM-WGMCOZEMOBBCMNAJJPFL_2021    0.62%    passed     99.99%
 117  USA_DELIM-WGMCOZEMOBBCMNAJJPFL_CUIMC-NP-5226_DELIM-WGMCOZEMOBBCMNAJJPFL_2021    0.66%    passed     99.99%
 118  USA_DELIM-WGMCOZEMOBBCMNAJJPFL_CUIMC-NP-5220_DELIM-WGMCOZEMOBBCMNAJJPFL_2021    0.70%    passed     99.96%
 119  USA_DELIM-WGMCOZEMOBBCMNAJJPFL_CUIMC-NP-5222_DELIM-WGMCOZEMOBBCMNAJJPFL_2021    0.69%    passed     99.98%
 120  USA_DELIM-WGMCOZEMOBBCMNAJJPFL_CUIMC-NP-5270_DELIM-WGMCOZEMOBBCMNAJJPFL_2021    0.60%    passed     99.95%
 121  USA_DELIM-WGMCOZEMOBBCMNAJJPFL_CUIMC-NP-5265_DELIM-WGMCOZEMOBBCMNAJJPFL_2021    0.65%    passed    100.00%
 122  USA_DELIM-WGMCOZEMOBBCMNAJJPFL_CUIMC-NP-5272_DELIM-WGMCOZEMOBBCMNAJJPFL_2021    0.62%    passed     99.98%
 123  USA_DELIM-WGMCOZEMOBBCMNAJJPFL_CUIMC-NP-5269_DELIM-WGMCOZEMOBBCMNAJJPFL_2021    0.61%    passed     99.85%
 124  USA_DELIM-WGMCOZEMOBBCMNAJJPFL_CUIMC-NP-5284_DELIM-WGMCOZEMOBBCMNAJJPFL_2021    1.03%    passed     99.45%
 125  USA_DELIM-WGMCOZEMOBBCMNAJJPFL_CUIMC-NP-5276_DELIM-WGMCOZEMOBBCMNAJJPFL_2021    2.47%    passed     97.67%
 126  USA_DELIM-WGMCOZEMOBBCMNAJJPFL_CUIMC-NP-5233_DELIM-WGMCOZEMOBBCMNAJJPFL_2021    0.69%    passed     99.97%
 127  USA_DELIM-WGMCOZEMOBBCMNAJJPFL_CUIMC-NP-5247_DELIM-WGMCOZEMOBBCMNAJJPFL_2021    1.53%    passed     98.73%
 128  USA_DELIM-WGMCOZEMOBBCMNAJJPFL_CUIMC-NP-5273_DELIM-WGMCOZEMOBBCMNAJJPFL_2021    0.63%    passed     99.99%
 129  USA_DELIM-WGMCOZEMOBBCMNAJJPFL_CUIMC-NP-5283_DELIM-WGMCOZEMOBBCMNAJJPFL_2021    0.70%    passed     99.99%
 130  USA_DELIM-WGMCOZEMOBBCMNAJJPFL_CUIMC-NP-5290_DELIM-WGMCOZEMOBBCMNAJJPFL_2021    1.33%    passed     99.98%
 131  USA_DELIM-WGMCOZEMOBBCMNAJJPFL_CUIMC-NP-5300_DELIM-WGMCOZEMOBBCMNAJJPFL_2021    0.59%    passed     99.86%
 132  USA_DELIM-WGMCOZEMOBBCMNAJJPFL_CUIMC-NP-5277_DELIM-WGMCOZEMOBBCMNAJJPFL_2021    0.64%    passed     99.93%
 133  USA_DELIM-WGMCOZEMOBBCMNAJJPFL_CUIMC-NP-5286_DELIM-WGMCOZEMOBBCMNAJJPFL_2021    0.66%    passed     99.98%
 134  USA_DELIM-WGMCOZEMOBBCMNAJJPFL_CUIMC-NP-5293_DELIM-WGMCOZEMOBBCMNAJJPFL_2021    3.56%    passed     94.45%
 135  USA_DELIM-WGMCOZEMOBBCMNAJJPFL_CUIMC-NP-5264_DELIM-WGMCOZEMOBBCMNAJJPFL_2021    0.70%    passed     99.98%
 136  USA_DELIM-WGMCOZEMOBBCMNAJJPFL_CUIMC-NP-5285_DELIM-WGMCOZEMOBBCMNAJJPFL_2021    0.64%    passed     99.95%
 137  USA_DELIM-WGMCOZEMOBBCMNAJJPFL_CUIMC-NP-5298_DELIM-WGMCOZEMOBBCMNAJJPFL_2021    1.53%    passed     99.62%
 138  USA_DELIM-WGMCOZEMOBBCMNAJJPFL_CUIMC-NP-5352_DELIM-WGMCOZEMOBBCMNAJJPFL_2021    0.68%    passed    100.00%
 139  USA_DELIM-WGMCOZEMOBBCMNAJJPFL_CUIMC-NP-5296_DELIM-WGMCOZEMOBBCMNAJJPFL_2021    0.64%    passed     99.96%
 140  USA_DELIM-WGMCOZEMOBBCMNAJJPFL_CUIMC-NP-5359_DELIM-WGMCOZEMOBBCMNAJJPFL_2021    3.55%    passed     99.36%
 141  USA_DELIM-WGMCOZEMOBBCMNAJJPFL_CUIMC-NP-5379_DELIM-WGMCOZEMOBBCMNAJJPFL_2021    0.65%    passed     99.97%
 142  USA_DELIM-WGMCOZEMOBBCMNAJJPFL_CUIMC-NP-5415_DELIM-WGMCOZEMOBBCMNAJJPFL_2021    0.62%    passed     99.99%
 143  USA_DELIM-WGMCOZEMOBBCMNAJJPFL_CUIMC-NP-5391_DELIM-WGMCOZEMOBBCMNAJJPFL_2021    1.64%    passed     99.95%
 144  USA_DELIM-WGMCOZEMOBBCMNAJJPFL_CUIMC-NP-5426_DELIM-WGMCOZEMOBBCMNAJJPFL_2021    0.64%    passed     99.92%
 145  USA_DELIM-WGMCOZEMOBBCMNAJJPFL_CUIMC-NP-5441_DELIM-WGMCOZEMOBBCMNAJJPFL_2021    2.47%    passed     97.65%
 146  USA_DELIM-WGMCOZEMOBBCMNAJJPFL_CUIMC-NP-5442_DELIM-WGMCOZEMOBBCMNAJJPFL_2021    0.60%    passed     99.89%
 147  USA_DELIM-WGMCOZEMOBBCMNAJJPFL_CUIMC-NP-5385_DELIM-WGMCOZEMOBBCMNAJJPFL_2021    0.64%    passed     99.97%
 148  USA_DELIM-WGMCOZEMOBBCMNAJJPFL_CUIMC-NP-5479_DELIM-WGMCOZEMOBBCMNAJJPFL_2021    0.81%    passed     99.99%
 149  USA_DELIM-WGMCOZEMOBBCMNAJJPFL_CUIMC-NP-5388_DELIM-WGMCOZEMOBBCMNAJJPFL_2021    0.73%    passed     99.96%
 150  USA_DELIM-WGMCOZEMOBBCMNAJJPFL_CUIMC-NP-5443_DELIM-WGMCOZEMOBBCMNAJJPFL_2021    0.65%    passed     99.98%
 151  USA_DELIM-WGMCOZEMOBBCMNAJJPFL_CUIMC-NP-5521_DELIM-WGMCOZEMOBBCMNAJJPFL_2021    0.62%    passed     99.99%
 152  USA_DELIM-WGMCOZEMOBBCMNAJJPFL_CUIMC-NP-5452_DELIM-WGMCOZEMOBBCMNAJJPFL_2021    0.63%    passed     99.97%
 153  USA_DELIM-WGMCOZEMOBBCMNAJJPFL_CUIMC-NP-5445_DELIM-WGMCOZEMOBBCMNAJJPFL_2021    0.65%    passed     99.97%
 154  USA_DELIM-WGMCOZEMOBBCMNAJJPFL_CUIMC-NP-5483_DELIM-WGMCOZEMOBBCMNAJJPFL_2021    0.62%    passed     99.98%
 155  USA_DELIM-WGMCOZEMOBBCMNAJJPFL_CUIMC-NP-5511_DELIM-WGMCOZEMOBBCMNAJJPFL_2021    0.63%    passed     99.96%
 156  USA_DELIM-WGMCOZEMOBBCMNAJJPFL_CUIMC-NP-5555_DELIM-WGMCOZEMOBBCMNAJJPFL_2021    0.63%    passed     99.99%
 157  USA_DELIM-WGMCOZEMOBBCMNAJJPFL_CUIMC-NP-5658_DELIM-WGMCOZEMOBBCMNAJJPFL_2021    0.63%    passed     99.99%
 158  USA_DELIM-WGMCOZEMOBBCMNAJJPFL_CUIMC-NP-5683_DELIM-WGMCOZEMOBBCMNAJJPFL_2021    0.60%    passed     99.68%
 159  USA_DELIM-WGMCOZEMOBBCMNAJJPFL_CUIMC-NP-5670_DELIM-WGMCOZEMOBBCMNAJJPFL_2021    0.64%    passed     99.99%
 160  USA_DELIM-WGMCOZEMOBBCMNAJJPFL_CUIMC-NP-5667_DELIM-WGMCOZEMOBBCMNAJJPFL_2021    0.73%    passed     99.98%
 161  USA_DELIM-WGMCOZEMOBBCMNAJJPFL_CUIMC-NP-5677_DELIM-WGMCOZEMOBBCMNAJJPFL_2021    0.76%    passed     99.99%
 162  USA_DELIM-WGMCOZEMOBBCMNAJJPFL_CUIMC-NP-5678_DELIM-WGMCOZEMOBBCMNAJJPFL_2021    0.66%    passed     99.98%
 163  Wuhan_DELIM-WGMCOZEMOBBCMNAJJPFL_Hu-1_DELIM-WGMCOZEMOBBCMNAJJPFL_2019           0.51%    passed     99.92%
 164  USA_DELIM-WGMCOZEMOBBCMNAJJPFL_CUIMC-NP-5552_DELIM-WGMCOZEMOBBCMNAJJPFL_2021    2.63%    passed     99.82%
 165  USA_DELIM-WGMCOZEMOBBCMNAJJPFL_CUIMC-NP-5671_DELIM-WGMCOZEMOBBCMNAJJPFL_2021    0.69%    passed     99.98%
 166  USA_DELIM-WGMCOZEMOBBCMNAJJPFL_CUIMC-NP-5662_DELIM-WGMCOZEMOBBCMNAJJPFL_2021    0.76%    passed     99.99%
****  TOTAL                                                                           2.25%  0 sequences failed composition chi2 test (p-value<5%; df=3)

Create initial parsimony tree by phylogenetic likelihood library (PLL)... 0.020 seconds

NOTE: 6 MB RAM (0 GB) is required!
Estimate model parameters (epsilon = 0.500)
1. Initial log-likelihood: -49420.947
2. Current log-likelihood: -48953.255
Optimal log-likelihood: -48953.248
Rate parameters:  A-C: 0.32309  A-G: 1.26052  A-T: 0.14677  C-G: 0.21241  C-T: 3.59555  G-T: 1.00000
Base frequencies:  A: 0.299  C: 0.183  G: 0.197  T: 0.321
Parameters optimization took 2 rounds (0.274 sec)
Computing ML distances based on estimated model parameters...
Computing ML distances took 0.071875 sec (of wall-clock time) 0.284126 sec(of CPU time)
Computing RapidNJ tree took 0.020153 sec (of wall-clock time) 0.020895 sec (of CPU time)
Log-likelihood of RapidNJ tree: -49020.175
--------------------------------------------------------------------
|             INITIALIZING CANDIDATE TREE SET                      |
--------------------------------------------------------------------
Generating 8 parsimony trees... 0.170 second
Computing log-likelihood of 8 initial trees ... 0.092 seconds
Current best score: -48949.841

Do NNI search on 2 best initial trees
Estimate model parameters (epsilon = 0.500)
BETTER TREE FOUND at iteration 1: -48947.976
Finish initializing candidate tree set (12)
Current best tree score: -48947.976 / CPU time: 0.687
Number of iterations: 2
--------------------------------------------------------------------
|               OPTIMIZING CANDIDATE TREE SET                      |
--------------------------------------------------------------------
TREE SEARCH COMPLETED AFTER 4 ITERATIONS / Time: 0h:0m:3s

--------------------------------------------------------------------
|                    FINALIZING TREE SEARCH                        |
--------------------------------------------------------------------
Performs final model parameters optimization
Estimate model parameters (epsilon = 0.050)
1. Initial log-likelihood: -48947.976
Optimal log-likelihood: -48947.968
Rate parameters:  A-C: 0.30345  A-G: 1.27281  A-T: 0.14699  C-G: 0.21284  C-T: 3.59261  G-T: 1.00000
Base frequencies:  A: 0.299  C: 0.183  G: 0.197  T: 0.321
Parameters optimization took 1 rounds (0.053 sec)
BEST SCORE FOUND : -48947.968
Total tree length: 0.029

Total number of iterations: 4
CPU time used for tree search: 3.727 sec (0h:0m:3s)
Wall-clock time used for tree search: 1.137 sec (0h:0m:1s)
Total CPU time used: 5.625 sec (0h:0m:5s)
Total wall-clock time used: 3.415 sec (0h:0m:3s)

Analysis results written to: 
  IQ-TREE report:                results/ny_6m/aligned-delim.fasta.iqtree
  Maximum-likelihood tree:       results/ny_6m/aligned-delim.fasta.treefile
  Likelihood distances:          results/ny_6m/aligned-delim.fasta.mldist
  Screen log file:               results/ny_6m/aligned-delim.fasta.log

Date and Time: Sun Dec  5 17:37:02 2021
